{
  "stats": {
    "suites": 1,
    "tests": 4,
    "passes": 4,
    "pending": 0,
    "failures": 0,
    "start": "2026-06-28T17:12:04.075Z",
    "end": "2026-06-28T17:12:18.796Z",
    "duration": 14721,
    "testsRegistered": 4,
    "passPercent": 100,
    "pendingPercent": 0,
    "other": 0,
    "hasOther": false,
    "skipped": 0,
    "hasSkipped": false
  },
  "results": [
    {
      "uuid": "462d3759-c433-4c77-9c04-812c6b0193d4",
      "title": "",
      "fullFile": "D:\\Bootcamp QA\\web-automation-2\\test\\specs\\login.spec.js",
      "file": "\\test\\specs\\login.spec.js",
      "beforeHooks": [],
      "afterHooks": [],
      "tests": [],
      "suites": [
        {
          "uuid": "37e3a6cc-e55e-48b0-9ce2-e25bc48b8db4",
          "title": "Login",
          "fullFile": "D:\\Bootcamp QA\\web-automation-2\\test\\specs\\login.spec.js",
          "file": "\\test\\specs\\login.spec.js",
          "beforeHooks": [
            {
              "title": "\"before each\" hook in \"Login\"",
              "fullTitle": "Login \"before each\" hook in \"Login\"",
              "timedOut": false,
              "duration": 1700,
              "state": null,
              "speed": null,
              "pass": false,
              "fail": false,
              "pending": false,
              "context": null,
              "code": "driver = await new Builder().forBrowser(\"chrome\").build();\nawait driver.manage().window().maximize();\nloginPage = new LoginPage(driver);\nscreenshotPage = new ScreenshotPage(driver);\nawait loginPage.open();",
              "err": {},
              "uuid": "b248cd2e-36f0-4e2c-9407-bea1bb2f837e",
              "parentUUID": "37e3a6cc-e55e-48b0-9ce2-e25bc48b8db4",
              "isHook": true,
              "skipped": false
            }
          ],
          "afterHooks": [
            {
              "title": "\"after each\" hook in \"Login\"",
              "fullTitle": "Login \"after each\" hook in \"Login\"",
              "timedOut": false,
              "duration": 859,
              "state": null,
              "speed": null,
              "pass": false,
              "fail": false,
              "pending": false,
              "context": null,
              "code": "await screenshotPage.takeFullScreenshot(this.currentTest.title);\nconst mismatch = await visualRegression.compareImages(this.currentTest.title);\nassert.strictEqual(mismatch, 0, `Visual regression failed. ${mismatch} pixels berbeda.`);\nawait driver.quit();",
              "err": {},
              "uuid": "5b217b1d-f853-4048-a9bd-e4a341c01b96",
              "parentUUID": "37e3a6cc-e55e-48b0-9ce2-e25bc48b8db4",
              "isHook": true,
              "skipped": false
            }
          ],
          "tests": [
            {
              "title": "Positive Login Success",
              "fullTitle": "Login Positive Login Success",
              "timedOut": false,
              "duration": 1077,
              "state": "passed",
              "speed": "slow",
              "pass": true,
              "fail": false,
              "pending": false,
              "context": null,
              "code": "await loginPage.login(process.env.STANDARD_USER, process.env.VALID_PASSWORD);\nlet url = await loginPage.getCurrentUrl();\nassert.strictEqual(url,\"https://www.saucedemo.com/inventory.html\");",
              "err": {},
              "uuid": "352ba1dd-d065-4bf8-8f8a-aac520d392fb",
              "parentUUID": "37e3a6cc-e55e-48b0-9ce2-e25bc48b8db4",
              "isHook": false,
              "skipped": false
            },
            {
              "title": "Negative Login Using Unregitered User",
              "fullTitle": "Login Negative Login Using Unregitered User",
              "timedOut": false,
              "duration": 539,
              "state": "passed",
              "speed": "slow",
              "pass": true,
              "fail": false,
              "pending": false,
              "context": null,
              "code": "await loginPage.login(process.env.UNREGISTERED_USER, process.env.VALID_PASSWORD);\nlet error = await loginPage.getErrorMessage();\nassert.ok(error.includes('match'))",
              "err": {},
              "uuid": "8593b94a-325e-47d6-a5c8-ea2617782f8a",
              "parentUUID": "37e3a6cc-e55e-48b0-9ce2-e25bc48b8db4",
              "isHook": false,
              "skipped": false
            },
            {
              "title": "Negative Login Using Invalid Password",
              "fullTitle": "Login Negative Login Using Invalid Password",
              "timedOut": false,
              "duration": 514,
              "state": "passed",
              "speed": "slow",
              "pass": true,
              "fail": false,
              "pending": false,
              "context": null,
              "code": "await loginPage.login(process.env.STANDARD_USER, process.env.INVALID_PASSWORD);\nlet error = await loginPage.getErrorMessage();\nassert.ok(error.includes('match'))",
              "err": {},
              "uuid": "24591373-2988-41ba-9087-0d553c858efc",
              "parentUUID": "37e3a6cc-e55e-48b0-9ce2-e25bc48b8db4",
              "isHook": false,
              "skipped": false
            },
            {
              "title": "Negative Login Using Locked User",
              "fullTitle": "Login Negative Login Using Locked User",
              "timedOut": false,
              "duration": 1125,
              "state": "passed",
              "speed": "slow",
              "pass": true,
              "fail": false,
              "pending": false,
              "context": null,
              "code": "await loginPage.login(process.env.LOCKED_USER, process.env.VALID_PASSWORD);\nlet error = await loginPage.getErrorMessage();\nassert.ok(error.includes('locked'))",
              "err": {},
              "uuid": "811656e5-f664-4db6-97e6-0b95299c6df0",
              "parentUUID": "37e3a6cc-e55e-48b0-9ce2-e25bc48b8db4",
              "isHook": false,
              "skipped": false
            }
          ],
          "suites": [],
          "passes": [
            "352ba1dd-d065-4bf8-8f8a-aac520d392fb",
            "8593b94a-325e-47d6-a5c8-ea2617782f8a",
            "24591373-2988-41ba-9087-0d553c858efc",
            "811656e5-f664-4db6-97e6-0b95299c6df0"
          ],
          "failures": [],
          "pending": [],
          "skipped": [],
          "duration": 3255,
          "root": false,
          "rootEmpty": false,
          "_timeout": 60000
        }
      ],
      "passes": [],
      "failures": [],
      "pending": [],
      "skipped": [],
      "duration": 0,
      "root": true,
      "rootEmpty": true,
      "_timeout": 60000
    }
  ],
  "meta": {
    "mocha": {
      "version": "10.8.2"
    },
    "mochawesome": {
      "options": {
        "quiet": false,
        "reportFilename": "mochawesome",
        "saveHtml": true,
        "saveJson": true,
        "consoleReporter": "spec",
        "useInlineDiffs": false,
        "code": true
      },
      "version": "7.1.4"
    },
    "marge": {
      "options": {
        "reportDir": "reports",
        "overwrite": "true",
        "html": "true",
        "json": "true"
      },
      "version": "6.3.2"
    }
  }
}