{
  "stats": {
    "suites": 1,
    "tests": 3,
    "passes": 3,
    "pending": 0,
    "failures": 0,
    "start": "2026-06-28T16:51:44.570Z",
    "end": "2026-06-28T16:51:58.072Z",
    "duration": 13502,
    "testsRegistered": 3,
    "passPercent": 100,
    "pendingPercent": 0,
    "other": 0,
    "hasOther": false,
    "skipped": 0,
    "hasSkipped": false
  },
  "results": [
    {
      "uuid": "7c26b5c6-3686-4ad7-96cc-25d6d5a41acc",
      "title": "",
      "fullFile": "D:\\Bootcamp QA\\web-automation-2\\test\\specs\\login.spec.js",
      "file": "\\test\\specs\\login.spec.js",
      "beforeHooks": [],
      "afterHooks": [],
      "tests": [],
      "suites": [
        {
          "uuid": "5eeeab34-2eff-4a48-9657-b78cf0209ca9",
          "title": "Login",
          "fullFile": "D:\\Bootcamp QA\\web-automation-2\\test\\specs\\login.spec.js",
          "file": "\\test\\specs\\login.spec.js",
          "beforeHooks": [
            {
              "title": "\"before each\" hook in \"Login\"",
              "fullTitle": "Login \"before each\" hook in \"Login\"",
              "timedOut": false,
              "duration": 2247,
              "state": null,
              "speed": null,
              "pass": false,
              "fail": false,
              "pending": false,
              "context": null,
              "code": "driver = await new Builder().forBrowser(\"chrome\").build();\nawait driver.manage().window().maximize();\nloginPage = new LoginPage(driver);\nscreenshotPage = new ScreenshotPage(driver);\nawait loginPage.open();",
              "err": {},
              "uuid": "b043fe71-d4f6-4cff-8c24-722c07cb1433",
              "parentUUID": "5eeeab34-2eff-4a48-9657-b78cf0209ca9",
              "isHook": true,
              "skipped": false
            }
          ],
          "afterHooks": [
            {
              "title": "\"after each\" hook in \"Login\"",
              "fullTitle": "Login \"after each\" hook in \"Login\"",
              "timedOut": false,
              "duration": 442,
              "state": null,
              "speed": null,
              "pass": false,
              "fail": false,
              "pending": false,
              "context": null,
              "code": "await screenshotPage.takeFullScreenshot(this.currentTest.title);\nconst mismatch = await visualRegression.compareImages(this.currentTest.title);\nassert.strictEqual(mismatch, 0, `Visual regression failed. ${mismatch} pixels berbeda.`);\nawait driver.quit();",
              "err": {},
              "uuid": "8a884397-e362-4fc5-a026-4dc7c72ff0ce",
              "parentUUID": "5eeeab34-2eff-4a48-9657-b78cf0209ca9",
              "isHook": true,
              "skipped": false
            }
          ],
          "tests": [
            {
              "title": "Positive Login Success",
              "fullTitle": "Login Positive Login Success",
              "timedOut": false,
              "duration": 396,
              "state": "passed",
              "speed": "slow",
              "pass": true,
              "fail": false,
              "pending": false,
              "context": null,
              "code": "await loginPage.login(process.env.STANDARD_USER, process.env.VALID_PASSWORD);\nlet url = await loginPage.getCurrentUrl();\nassert.strictEqual(url,\"https://www.saucedemo.com/inventory.html\");",
              "err": {},
              "uuid": "c0c788ca-c34b-4354-bb7a-a1149b0476cb",
              "parentUUID": "5eeeab34-2eff-4a48-9657-b78cf0209ca9",
              "isHook": false,
              "skipped": false
            },
            {
              "title": "Negative Login Using Invalid Password",
              "fullTitle": "Login Negative Login Using Invalid Password",
              "timedOut": false,
              "duration": 1134,
              "state": "passed",
              "speed": "slow",
              "pass": true,
              "fail": false,
              "pending": false,
              "context": null,
              "code": "await loginPage.login(process.env.STANDARD_USER, process.env.INVALID_PASSWORD);\nlet error = await loginPage.getErrorMessage();\nassert.ok(error.includes('match'))",
              "err": {},
              "uuid": "25868f15-8054-465b-8c5c-10cfe69a1d84",
              "parentUUID": "5eeeab34-2eff-4a48-9657-b78cf0209ca9",
              "isHook": false,
              "skipped": false
            },
            {
              "title": "Negative Login Using Locked User",
              "fullTitle": "Login Negative Login Using Locked User",
              "timedOut": false,
              "duration": 643,
              "state": "passed",
              "speed": "slow",
              "pass": true,
              "fail": false,
              "pending": false,
              "context": null,
              "code": "await loginPage.login(process.env.LOCKED_USER, process.env.VALID_PASSWORD);\nlet error = await loginPage.getErrorMessage();\nassert.ok(error.includes('locked'))",
              "err": {},
              "uuid": "ac5e0004-2f31-4a13-856a-0e9db3ca2d21",
              "parentUUID": "5eeeab34-2eff-4a48-9657-b78cf0209ca9",
              "isHook": false,
              "skipped": false
            }
          ],
          "suites": [],
          "passes": [
            "c0c788ca-c34b-4354-bb7a-a1149b0476cb",
            "25868f15-8054-465b-8c5c-10cfe69a1d84",
            "ac5e0004-2f31-4a13-856a-0e9db3ca2d21"
          ],
          "failures": [],
          "pending": [],
          "skipped": [],
          "duration": 2173,
          "root": false,
          "rootEmpty": false,
          "_timeout": 60000
        }
      ],
      "passes": [],
      "failures": [],
      "pending": [],
      "skipped": [],
      "duration": 0,
      "root": true,
      "rootEmpty": true,
      "_timeout": 60000
    }
  ],
  "meta": {
    "mocha": {
      "version": "10.8.2"
    },
    "mochawesome": {
      "options": {
        "quiet": false,
        "reportFilename": "mochawesome",
        "saveHtml": true,
        "saveJson": true,
        "consoleReporter": "spec",
        "useInlineDiffs": false,
        "code": true
      },
      "version": "7.1.4"
    },
    "marge": {
      "options": {
        "reportDir": "reports",
        "overwrite": "true",
        "html": "true",
        "json": "true"
      },
      "version": "6.3.2"
    }
  }
}